<?xml version="1.0" encoding="UTF-8"?>
<testsuite xmlns:xsi="http://www.w3.org/2001/XMLSchema-instance" xsi:noNamespaceSchemaLocation="https://maven.apache.org/surefire/maven-surefire-plugin/xsd/surefire-test-report-3.0.xsd" version="3.0" name="examples.users.UsersRunner" time="8.598" tests="3" errors="0" skipped="0" failures="3">
  <properties>
[...]
</properties>
  <testcase name="[6.1:112] Eliminar la mascota por su id -O" classname="examples/users/users" time="1.478">
    <failure message="status code was: 404, expected: 200, response time in milliseconds: 813, url: https://petstore.swagger.io/v2/pet/1, response: &#10;&#10;classpath:examples/users/users.feature:108" type="org.opentest4j.AssertionFailedError"><![CDATA[org.opentest4j.AssertionFailedError: 
status code was: 404, expected: 200, response time in milliseconds: 813, url: https://petstore.swagger.io/v2/pet/1, response: 

classpath:examples/users/users.feature:108
	at com.intuit.karate.junit5.FeatureNode.lambda$next$1(FeatureNode.java:86)
	at java.base/java.util.stream.ForEachOps$ForEachOp$OfRef.accept(ForEachOps.java:183)
	at java.base/java.util.stream.ReferencePipeline$3$1.accept(ReferencePipeline.java:197)
	at java.base/java.util.stream.ReferencePipeline$2$1.accept(ReferencePipeline.java:179)
	at java.base/java.util.stream.ReferencePipeline$3$1.accept(ReferencePipeline.java:197)
	at java.base/java.util.Iterator.forEachRemaining(Iterator.java:133)
	at java.base/java.util.Spliterators$IteratorSpliterator.forEachRemaining(Spliterators.java:1845)
	at java.base/java.util.stream.AbstractPipeline.copyInto(AbstractPipeline.java:509)
	at java.base/java.util.stream.AbstractPipeline.wrapAndCopyInto(AbstractPipeline.java:499)
	at java.base/java.util.stream.ForEachOps$ForEachOp.evaluateSequential(ForEachOps.java:150)
	at java.base/java.util.stream.ForEachOps$ForEachOp$OfRef.evaluateSequential(ForEachOps.java:173)
	at java.base/java.util.stream.AbstractPipeline.evaluate(AbstractPipeline.java:234)
	at java.base/java.util.stream.ReferencePipeline.forEachOrdered(ReferencePipeline.java:601)
	at java.base/java.util.Optional.ifPresent(Optional.java:178)
	at java.base/java.util.ArrayList.forEach(ArrayList.java:1511)
	at java.base/java.util.ArrayList.forEach(ArrayList.java:1511)
]]></failure>
    <system-out><![CDATA[12:07:31.413 [main] INFO  com.intuit.karate.Runner - using system property 'karate.options': --tags @TEST-6
12:07:31.774 [main] DEBUG com.intuit.karate.Suite - [config] classpath:karate-config.js
12:07:34.347 [main] INFO  com.intuit.karate - karate.env system property was: null 
12:07:34.816 [main] DEBUG com.intuit.karate - request:
1 > DELETE https://petstore.swagger.io/v2/pet/1
1 > Host: petstore.swagger.io
1 > Connection: Keep-Alive
1 > User-Agent: Apache-HttpClient/4.5.14 (Java/17.0.12)
1 > Accept-Encoding: gzip,deflate


12:07:35.634 [main] DEBUG com.intuit.karate - response time in milliseconds: 813
1 < 404
1 < Date: Sat, 21 Feb 2026 17:07:35 GMT
1 < Content-Length: 0
1 < Connection: keep-alive
1 < Access-Control-Allow-Origin: *
1 < Access-Control-Allow-Methods: GET, POST, DELETE, PUT
1 < Access-Control-Allow-Headers: Content-Type, api_key, Authorization
1 < Server: Jetty(9.2.9.v20150224)


12:07:35.692 [main] ERROR com.intuit.karate - classpath:examples/users/users.feature:108
Then status 200
status code was: 404, expected: 200, response time in milliseconds: 813, url: https://petstore.swagger.io/v2/pet/1, response: 

classpath:examples/users/users.feature:108
]]></system-out>
  </testcase>
  <testcase name="[6.2:113] Eliminar la mascota por su id -O" classname="examples/users/users" time="0.369">
    <failure message="status code was: 404, expected: 200, response time in milliseconds: 330, url: https://petstore.swagger.io/v2/pet/2, response: &#10;&#10;classpath:examples/users/users.feature:108" type="org.opentest4j.AssertionFailedError"><![CDATA[org.opentest4j.AssertionFailedError: 
status code was: 404, expected: 200, response time in milliseconds: 330, url: https://petstore.swagger.io/v2/pet/2, response: 

classpath:examples/users/users.feature:108
	at com.intuit.karate.junit5.FeatureNode.lambda$next$1(FeatureNode.java:86)
	at java.base/java.util.stream.ForEachOps$ForEachOp$OfRef.accept(ForEachOps.java:183)
	at java.base/java.util.stream.ReferencePipeline$3$1.accept(ReferencePipeline.java:197)
	at java.base/java.util.stream.ReferencePipeline$2$1.accept(ReferencePipeline.java:179)
	at java.base/java.util.stream.ReferencePipeline$3$1.accept(ReferencePipeline.java:197)
	at java.base/java.util.Iterator.forEachRemaining(Iterator.java:133)
	at java.base/java.util.Spliterators$IteratorSpliterator.forEachRemaining(Spliterators.java:1845)
	at java.base/java.util.stream.AbstractPipeline.copyInto(AbstractPipeline.java:509)
	at java.base/java.util.stream.AbstractPipeline.wrapAndCopyInto(AbstractPipeline.java:499)
	at java.base/java.util.stream.ForEachOps$ForEachOp.evaluateSequential(ForEachOps.java:150)
	at java.base/java.util.stream.ForEachOps$ForEachOp$OfRef.evaluateSequential(ForEachOps.java:173)
	at java.base/java.util.stream.AbstractPipeline.evaluate(AbstractPipeline.java:234)
	at java.base/java.util.stream.ReferencePipeline.forEachOrdered(ReferencePipeline.java:601)
	at java.base/java.util.Optional.ifPresent(Optional.java:178)
	at java.base/java.util.ArrayList.forEach(ArrayList.java:1511)
	at java.base/java.util.ArrayList.forEach(ArrayList.java:1511)
]]></failure>
    <system-out><![CDATA[12:07:35.755 [main] INFO  com.intuit.karate - karate.env system property was: null 
12:07:35.770 [main] DEBUG com.intuit.karate - request:
1 > DELETE https://petstore.swagger.io/v2/pet/2
1 > Host: petstore.swagger.io
1 > Connection: Keep-Alive
1 > User-Agent: Apache-HttpClient/4.5.14 (Java/17.0.12)
1 > Accept-Encoding: gzip,deflate


12:07:36.103 [main] DEBUG com.intuit.karate - response time in milliseconds: 330
1 < 404
1 < Date: Sat, 21 Feb 2026 17:07:35 GMT
1 < Content-Length: 0
1 < Connection: keep-alive
1 < Access-Control-Allow-Origin: *
1 < Access-Control-Allow-Methods: GET, POST, DELETE, PUT
1 < Access-Control-Allow-Headers: Content-Type, api_key, Authorization
1 < Server: Jetty(9.2.9.v20150224)


12:07:36.105 [main] ERROR com.intuit.karate - classpath:examples/users/users.feature:108
Then status 200
status code was: 404, expected: 200, response time in milliseconds: 330, url: https://petstore.swagger.io/v2/pet/2, response: 

classpath:examples/users/users.feature:108
]]></system-out>
  </testcase>
  <testcase name="[6.3:114] Eliminar la mascota por su id -O" classname="examples/users/users" time="1.962">
    <failure message="status code was: 404, expected: 200, response time in milliseconds: 341, url: https://petstore.swagger.io/v2/pet/3, response: &#10;&#10;classpath:examples/users/users.feature:108" type="org.opentest4j.AssertionFailedError"><![CDATA[org.opentest4j.AssertionFailedError: 
status code was: 404, expected: 200, response time in milliseconds: 341, url: https://petstore.swagger.io/v2/pet/3, response: 

classpath:examples/users/users.feature:108
	at com.intuit.karate.junit5.FeatureNode.lambda$next$1(FeatureNode.java:86)
	at java.base/java.util.stream.ForEachOps$ForEachOp$OfRef.accept(ForEachOps.java:183)
	at java.base/java.util.stream.ReferencePipeline$3$1.accept(ReferencePipeline.java:197)
	at java.base/java.util.stream.ReferencePipeline$2$1.accept(ReferencePipeline.java:179)
	at java.base/java.util.stream.ReferencePipeline$3$1.accept(ReferencePipeline.java:197)
	at java.base/java.util.Iterator.forEachRemaining(Iterator.java:133)
	at java.base/java.util.Spliterators$IteratorSpliterator.forEachRemaining(Spliterators.java:1845)
	at java.base/java.util.stream.AbstractPipeline.copyInto(AbstractPipeline.java:509)
	at java.base/java.util.stream.AbstractPipeline.wrapAndCopyInto(AbstractPipeline.java:499)
	at java.base/java.util.stream.ForEachOps$ForEachOp.evaluateSequential(ForEachOps.java:150)
	at java.base/java.util.stream.ForEachOps$ForEachOp$OfRef.evaluateSequential(ForEachOps.java:173)
	at java.base/java.util.stream.AbstractPipeline.evaluate(AbstractPipeline.java:234)
	at java.base/java.util.stream.ReferencePipeline.forEachOrdered(ReferencePipeline.java:601)
	at java.base/java.util.Optional.ifPresent(Optional.java:178)
	at java.base/java.util.ArrayList.forEach(ArrayList.java:1511)
	at java.base/java.util.ArrayList.forEach(ArrayList.java:1511)
]]></failure>
    <system-out><![CDATA[12:07:36.119 [main] INFO  com.intuit.karate - karate.env system property was: null 
12:07:36.125 [main] DEBUG com.intuit.karate - request:
1 > DELETE https://petstore.swagger.io/v2/pet/3
1 > Host: petstore.swagger.io
1 > Connection: Keep-Alive
1 > User-Agent: Apache-HttpClient/4.5.14 (Java/17.0.12)
1 > Accept-Encoding: gzip,deflate


12:07:36.469 [main] DEBUG com.intuit.karate - response time in milliseconds: 341
1 < 404
1 < Date: Sat, 21 Feb 2026 17:07:36 GMT
1 < Content-Length: 0
1 < Connection: keep-alive
1 < Access-Control-Allow-Origin: *
1 < Access-Control-Allow-Methods: GET, POST, DELETE, PUT
1 < Access-Control-Allow-Headers: Content-Type, api_key, Authorization
1 < Server: Jetty(9.2.9.v20150224)


12:07:36.472 [main] ERROR com.intuit.karate - classpath:examples/users/users.feature:108
Then status 200
status code was: 404, expected: 200, response time in milliseconds: 341, url: https://petstore.swagger.io/v2/pet/3, response: 

classpath:examples/users/users.feature:108
---------------------------------------------------------
feature: classpath:examples/users/users.feature
scenarios:  3 | passed:  0 | failed:  3 | time: 1,9819
---------------------------------------------------------

Karate version: 1.5.0
======================================================
elapsed:   6,33 | threads:    1 | thread time: 1,98 
features:     1 | skipped:    0 | efficiency: 0,31
scenarios:    3 | passed:     0 | failed: 3
======================================================
>>> failed features:
status code was: 404, expected: 200, response time in milliseconds: 813, url: https://petstore.swagger.io/v2/pet/1, response: 

classpath:examples/users/users.feature:108
status code was: 404, expected: 200, response time in milliseconds: 330, url: https://petstore.swagger.io/v2/pet/2, response: 

classpath:examples/users/users.feature:108
status code was: 404, expected: 200, response time in milliseconds: 341, url: https://petstore.swagger.io/v2/pet/3, response: 

classpath:examples/users/users.feature:108
<<<

HTML report: (paste into browser to view) | Karate version: 1.5.0
file:///C:/Users/Noelia/Downloads/Escuela%20Testing/myprojectBackendEscuelaTesting/target/karate-reports/karate-summary.html
===================================================================

]]></system-out>
  </testcase>
</testsuite>